\BOOKMARK [1][-]{section.1}{Levantamento de Requisitos}{}% 1
\BOOKMARK [2][-]{subsection.1.1}{Prop\363sito do Documento}{section.1}% 2
\BOOKMARK [2][-]{subsection.1.2}{Escopo do Produto}{section.1}% 3
\BOOKMARK [2][-]{subsection.1.3}{Defini\347\365es e Abrevia\347\365es}{section.1}% 4
\BOOKMARK [3][-]{subsubsection.1.3.1}{Defini\347\365es}{subsection.1.3}% 5
\BOOKMARK [3][-]{subsubsection.1.3.2}{Abrevia\347\365es}{subsection.1.3}% 6
\BOOKMARK [2][-]{subsection.1.4}{Refer\352ncias}{section.1}% 7
\BOOKMARK [2][-]{subsection.1.5}{Vis\343o Geral do Restante do Documento}{section.1}% 8
\BOOKMARK [2][-]{subsection.1.6}{Descri\347\343o Geral}{section.1}% 9
\BOOKMARK [3][-]{subsubsection.1.6.1}{Perspectiva do Produto}{subsection.1.6}% 10
\BOOKMARK [3][-]{subsubsection.1.6.2}{Fun\347\365es do Produto}{subsection.1.6}% 11
\BOOKMARK [3][-]{subsubsection.1.6.3}{Caracter\355sticas do Usu\341rio}{subsection.1.6}% 12
\BOOKMARK [3][-]{subsubsection.1.6.4}{Restri\347\365es Gerais}{subsection.1.6}% 13
\BOOKMARK [3][-]{subsubsection.1.6.5}{Suposi\347\365es e Depend\352ncias}{subsection.1.6}% 14
\BOOKMARK [2][-]{subsection.1.7}{Requisitos espec\355ficos}{section.1}% 15
\BOOKMARK [3][-]{subsubsection.1.7.1}{Requisitos Funcionais}{subsection.1.7}% 16
\BOOKMARK [3][-]{subsubsection.1.7.2}{Requisitos N\343o Funcionais}{subsection.1.7}% 17
\BOOKMARK [1][-]{section.2}{Plano de Projeto}{}% 18
\BOOKMARK [2][-]{subsection.2.1}{Motiva\347\343o}{section.2}% 19
\BOOKMARK [1][-]{section.3}{Casos de Uso}{}% 20
\BOOKMARK [1][-]{section.4}{Codigos}{}% 21
\BOOKMARK [2][-]{subsection.4.1}{Modelos}{section.4}% 22
\BOOKMARK [3][-]{subsubsection.4.1.1}{Cliente}{subsection.4.1}% 23
\BOOKMARK [3][-]{subsubsection.4.1.2}{Endere\347o}{subsection.4.1}% 24
\BOOKMARK [2][-]{subsection.4.2}{Controles}{section.4}% 25
\BOOKMARK [3][-]{subsubsection.4.2.1}{Cliente}{subsection.4.2}% 26
\BOOKMARK [3][-]{subsubsection.4.2.2}{Endere\347o}{subsection.4.2}% 27
\BOOKMARK [2][-]{subsection.4.3}{Fronteiras}{section.4}% 28
\BOOKMARK [3][-]{subsubsection.4.3.1}{Login}{subsection.4.3}% 29
\BOOKMARK [3][-]{subsubsection.4.3.2}{Tela Principal}{subsection.4.3}% 30
\BOOKMARK [2][-]{subsection.4.4}{SQL}{section.4}% 31
\BOOKMARK [1][-]{section.5}{Diagramas}{}% 32
\BOOKMARK [2][-]{subsection.5.1}{Diagrama de Classes - Analise}{section.5}% 33
\BOOKMARK [2][-]{subsection.5.2}{Diagrama de Classes - Projeto}{section.5}% 34
\BOOKMARK [2][-]{subsection.5.3}{Diagrama de Casos de Uso}{section.5}% 35
