This is XeTeX, Version 3.14159265-2.6-0.99996 (TeX Live 2016/W32TeX) (preloaded format=xelatex 2016.8.19)  31 OCT 2016 23:49
entering extended mode
 restricted \write18 enabled.
 %&-line parsing enabled.
**./documento.tex
(./documento.tex
LaTeX2e <2016/03/31> patch level 3
Babel <3.9r> and hyphenation patterns for 83 language(s) loaded.
(c:/texlive/2016/texmf-dist/tex/latex/base/article.cls
Document Class: article 2014/09/29 v1.4h Standard LaTeX document class
(c:/texlive/2016/texmf-dist/tex/latex/base/size12.clo
File: size12.clo 2014/09/29 v1.4h Standard LaTeX file (size option)
)
\c@part=\count79
\c@section=\count80
\c@subsection=\count81
\c@subsubsection=\count82
\c@paragraph=\count83
\c@subparagraph=\count84
\c@figure=\count85
\c@table=\count86
\abovecaptionskip=\skip41
\belowcaptionskip=\skip42
\bibindent=\dimen102
)
\@input{meta.aux}
\openout2 = `meta.aux'.

(./meta.tex (c:/texlive/2016/texmf-dist/tex/generic/babel/babel.sty
Package: babel 2016/04/23 3.9r The Babel package

(c:/texlive/2016/texmf-dist/tex/generic/babel-english/english.ldf
Language: english 2012/08/20 v3.3p English support from the babel system

(c:/texlive/2016/texmf-dist/tex/generic/babel/babel.def
File: babel.def 2016/04/23 3.9r Babel common definitions
\babel@savecnt=\count87
\U@D=\dimen103

(c:/texlive/2016/texmf-dist/tex/generic/babel/xebabel.def))
\l@canadian = a dialect from \language\l@american 
\l@australian = a dialect from \language\l@british 
\l@newzealand = a dialect from \language\l@british 
)
(c:/texlive/2016/texmf-dist/tex/generic/babel-portuges/portuges.ldf
Language: portuges 2008/03/18 v1.2q Portuguese support from the babel system
\l@brazilian = a dialect from \language\l@portuges 
Package babel Info: Making " an active character on input line 145.
))
(c:/texlive/2016/texmf-dist/tex/latex/base/inputenc.sty
Package: inputenc 2015/03/17 v1.2c Input encoding file
\inpenc@prehook=\toks14
\inpenc@posthook=\toks15


Package inputenc Warning: inputenc package ignored with utf8 based engines.

) (c:/texlive/2016/texmf-dist/tex/latex/cmap/cmap.sty
Package: cmap 2008/03/06 v1.0h CMap support: searchable PDF


Package cmap Warning: pdftex not detected - exiting.

) (c:/texlive/2016/texmf-dist/tex/latex/base/fontenc.sty
Package: fontenc 2016/06/19 v1.99m Standard LaTeX package

(c:/texlive/2016/texmf-dist/tex/latex/base/t1enc.def
File: t1enc.def 2016/06/19 v1.99m Standard LaTeX file
LaTeX Font Info:    Redeclaring font encoding T1 on input line 48.
))
(c:/texlive/2016/texmf-dist/tex/latex/amsmath/amsmath.sty
Package: amsmath 2016/06/28 v2.15d AMS math features
\@mathmargin=\skip43

For additional information on amsmath, use the `?' option.
(c:/texlive/2016/texmf-dist/tex/latex/amsmath/amstext.sty
Package: amstext 2000/06/29 v2.01 AMS text

(c:/texlive/2016/texmf-dist/tex/latex/amsmath/amsgen.sty
File: amsgen.sty 1999/11/30 v2.0 generic functions
\@emptytoks=\toks16
\ex@=\dimen104
))
(c:/texlive/2016/texmf-dist/tex/latex/amsmath/amsbsy.sty
Package: amsbsy 1999/11/29 v1.2d Bold Symbols
\pmbraise@=\dimen105
)
(c:/texlive/2016/texmf-dist/tex/latex/amsmath/amsopn.sty
Package: amsopn 2016/03/08 v2.02 operator names
)
\inf@bad=\count88
LaTeX Info: Redefining \frac on input line 199.
\uproot@=\count89
\leftroot@=\count90
LaTeX Info: Redefining \overline on input line 297.
\classnum@=\count91
\DOTSCASE@=\count92
LaTeX Info: Redefining \ldots on input line 394.
LaTeX Info: Redefining \dots on input line 397.
LaTeX Info: Redefining \cdots on input line 518.
\Mathstrutbox@=\box26
\strutbox@=\box27
\big@size=\dimen106
LaTeX Font Info:    Redeclaring font encoding OML on input line 634.
LaTeX Font Info:    Redeclaring font encoding OMS on input line 635.
\macc@depth=\count93
\c@MaxMatrixCols=\count94
\dotsspace@=\muskip10
\c@parentequation=\count95
\dspbrk@lvl=\count96
\tag@help=\toks17
\row@=\count97
\column@=\count98
\maxfields@=\count99
\andhelp@=\toks18
\eqnshift@=\dimen107
\alignsep@=\dimen108
\tagshift@=\dimen109
\tagwidth@=\dimen110
\totwidth@=\dimen111
\lineht@=\dimen112
\@envbody=\toks19
\multlinegap=\skip44
\multlinetaggap=\skip45
\mathdisplay@stack=\toks20
LaTeX Info: Redefining \[ on input line 2739.
LaTeX Info: Redefining \] on input line 2740.
)
(c:/texlive/2016/texmf-dist/tex/latex/amsfonts/amssymb.sty
Package: amssymb 2013/01/14 v3.01 AMS font symbols

(c:/texlive/2016/texmf-dist/tex/latex/amsfonts/amsfonts.sty
Package: amsfonts 2013/01/14 v3.01 Basic AMSFonts support
\symAMSa=\mathgroup4
\symAMSb=\mathgroup5
LaTeX Font Info:    Overwriting math alphabet `\mathfrak' in version `bold'
(Font)                  U/euf/m/n --> U/euf/b/n on input line 106.
))
(c:/texlive/2016/texmf-dist/tex/latex/base/textcomp.sty
Package: textcomp 2016/06/19 v1.99m Standard LaTeX package
Package textcomp Info: Sub-encoding information:
(textcomp)               5 = only ISO-Adobe without \textcurrency
(textcomp)               4 = 5 + \texteuro
(textcomp)               3 = 4 + \textohm
(textcomp)               2 = 3 + \textestimated + \textcurrency
(textcomp)               1 = TS1 - \textcircled - \t
(textcomp)               0 = TS1 (full)
(textcomp)             Font families with sub-encoding setting implement
(textcomp)             only a restricted character set as indicated.
(textcomp)             Family '?' is the default used for unknown fonts.
(textcomp)             See the documentation for details.
Package textcomp Info: Setting ? sub-encoding to TS1/1 on input line 79.

(c:/texlive/2016/texmf-dist/tex/latex/base/ts1enc.def
File: ts1enc.def 2001/06/05 v3.0e (jk/car/fm) Standard LaTeX file
)
LaTeX Info: Redefining \oldstylenums on input line 334.
Package textcomp Info: Setting cmr sub-encoding to TS1/0 on input line 349.
Package textcomp Info: Setting cmss sub-encoding to TS1/0 on input line 350.
Package textcomp Info: Setting cmtt sub-encoding to TS1/0 on input line 351.
Package textcomp Info: Setting cmvtt sub-encoding to TS1/0 on input line 352.
Package textcomp Info: Setting cmbr sub-encoding to TS1/0 on input line 353.
Package textcomp Info: Setting cmtl sub-encoding to TS1/0 on input line 354.
Package textcomp Info: Setting ccr sub-encoding to TS1/0 on input line 355.
Package textcomp Info: Setting ptm sub-encoding to TS1/4 on input line 356.
Package textcomp Info: Setting pcr sub-encoding to TS1/4 on input line 357.
Package textcomp Info: Setting phv sub-encoding to TS1/4 on input line 358.
Package textcomp Info: Setting ppl sub-encoding to TS1/3 on input line 359.
Package textcomp Info: Setting pag sub-encoding to TS1/4 on input line 360.
Package textcomp Info: Setting pbk sub-encoding to TS1/4 on input line 361.
Package textcomp Info: Setting pnc sub-encoding to TS1/4 on input line 362.
Package textcomp Info: Setting pzc sub-encoding to TS1/4 on input line 363.
Package textcomp Info: Setting bch sub-encoding to TS1/4 on input line 364.
Package textcomp Info: Setting put sub-encoding to TS1/5 on input line 365.
Package textcomp Info: Setting uag sub-encoding to TS1/5 on input line 366.
Package textcomp Info: Setting ugq sub-encoding to TS1/5 on input line 367.
Package textcomp Info: Setting ul8 sub-encoding to TS1/4 on input line 368.
Package textcomp Info: Setting ul9 sub-encoding to TS1/4 on input line 369.
Package textcomp Info: Setting augie sub-encoding to TS1/5 on input line 370.
Package textcomp Info: Setting dayrom sub-encoding to TS1/3 on input line 371.
Package textcomp Info: Setting dayroms sub-encoding to TS1/3 on input line 372.

Package textcomp Info: Setting pxr sub-encoding to TS1/0 on input line 373.
Package textcomp Info: Setting pxss sub-encoding to TS1/0 on input line 374.
Package textcomp Info: Setting pxtt sub-encoding to TS1/0 on input line 375.
Package textcomp Info: Setting txr sub-encoding to TS1/0 on input line 376.
Package textcomp Info: Setting txss sub-encoding to TS1/0 on input line 377.
Package textcomp Info: Setting txtt sub-encoding to TS1/0 on input line 378.
Package textcomp Info: Setting lmr sub-encoding to TS1/0 on input line 379.
Package textcomp Info: Setting lmdh sub-encoding to TS1/0 on input line 380.
Package textcomp Info: Setting lmss sub-encoding to TS1/0 on input line 381.
Package textcomp Info: Setting lmssq sub-encoding to TS1/0 on input line 382.
Package textcomp Info: Setting lmvtt sub-encoding to TS1/0 on input line 383.
Package textcomp Info: Setting lmtt sub-encoding to TS1/0 on input line 384.
Package textcomp Info: Setting qhv sub-encoding to TS1/0 on input line 385.
Package textcomp Info: Setting qag sub-encoding to TS1/0 on input line 386.
Package textcomp Info: Setting qbk sub-encoding to TS1/0 on input line 387.
Package textcomp Info: Setting qcr sub-encoding to TS1/0 on input line 388.
Package textcomp Info: Setting qcs sub-encoding to TS1/0 on input line 389.
Package textcomp Info: Setting qpl sub-encoding to TS1/0 on input line 390.
Package textcomp Info: Setting qtm sub-encoding to TS1/0 on input line 391.
Package textcomp Info: Setting qzc sub-encoding to TS1/0 on input line 392.
Package textcomp Info: Setting qhvc sub-encoding to TS1/0 on input line 393.
Package textcomp Info: Setting futs sub-encoding to TS1/4 on input line 394.
Package textcomp Info: Setting futx sub-encoding to TS1/4 on input line 395.
Package textcomp Info: Setting futj sub-encoding to TS1/4 on input line 396.
Package textcomp Info: Setting hlh sub-encoding to TS1/3 on input line 397.
Package textcomp Info: Setting hls sub-encoding to TS1/3 on input line 398.
Package textcomp Info: Setting hlst sub-encoding to TS1/3 on input line 399.
Package textcomp Info: Setting hlct sub-encoding to TS1/5 on input line 400.
Package textcomp Info: Setting hlx sub-encoding to TS1/5 on input line 401.
Package textcomp Info: Setting hlce sub-encoding to TS1/5 on input line 402.
Package textcomp Info: Setting hlcn sub-encoding to TS1/5 on input line 403.
Package textcomp Info: Setting hlcw sub-encoding to TS1/5 on input line 404.
Package textcomp Info: Setting hlcf sub-encoding to TS1/5 on input line 405.
Package textcomp Info: Setting pplx sub-encoding to TS1/3 on input line 406.
Package textcomp Info: Setting pplj sub-encoding to TS1/3 on input line 407.
Package textcomp Info: Setting ptmx sub-encoding to TS1/4 on input line 408.
Package textcomp Info: Setting ptmj sub-encoding to TS1/4 on input line 409.
)
(c:/texlive/2016/texmf-dist/tex/latex/siunitx/siunitx.sty
(c:/texlive/2016/texmf-dist/tex/latex/l3kernel/expl3.sty
Package: expl3 2016/05/18 v6512 L3 programming layer (loader) 

(c:/texlive/2016/texmf-dist/tex/latex/l3kernel/expl3-code.tex
Package: expl3 2016/05/18 v6512 L3 programming layer (code)
L3 Module: l3bootstrap 2016/02/12 v6412 L3 Bootstrap code
L3 Module: l3names 2016/03/11 v6433 L3 Namespace for primitives
L3 Module: l3basics 2015/11/22 v6315 L3 Basic definitions
L3 Module: l3expan 2015/09/10 v5983 L3 Argument expansion
L3 Module: l3tl 2016/03/26 v6465 L3 Token lists
L3 Module: l3str 2016/03/24 v6441 L3 Strings
L3 Module: l3seq 2015/08/05 v5777 L3 Sequences and stacks
L3 Module: l3int 2016/03/24 v6441 L3 Integers
\c_max_int=\count100
\l_tmpa_int=\count101
\l_tmpb_int=\count102
\g_tmpa_int=\count103
\g_tmpb_int=\count104
L3 Module: l3quark 2015/08/17 v5855 L3 Quarks
L3 Module: l3prg 2015/11/01 v6216 L3 Control structures
\g__prg_map_int=\count105
L3 Module: l3clist 2015/09/02 v5901 L3 Comma separated lists
L3 Module: l3token 2016/04/03 v6470 L3 Experimental token manipulation
L3 Module: l3prop 2016/01/05 v6366 L3 Property lists
L3 Module: l3msg 2016/03/26 v6464 L3 Messages
L3 Module: l3file 2016/03/25 v6458 L3 File and I/O operations
\l_iow_line_count_int=\count106
\l__iow_target_count_int=\count107
\l__iow_current_line_int=\count108
\l__iow_current_word_int=\count109
\l__iow_current_indentation_int=\count110
L3 Module: l3skip 2016/01/05 v6366 L3 Dimensions and skips
\c_zero_dim=\dimen113
\c_max_dim=\dimen114
\l_tmpa_dim=\dimen115
\l_tmpb_dim=\dimen116
\g_tmpa_dim=\dimen117
\g_tmpb_dim=\dimen118
\c_zero_skip=\skip46
\c_max_skip=\skip47
\l_tmpa_skip=\skip48
\l_tmpb_skip=\skip49
\g_tmpa_skip=\skip50
\g_tmpb_skip=\skip51
\c_zero_muskip=\muskip11
\c_max_muskip=\muskip12
\l_tmpa_muskip=\muskip13
\l_tmpb_muskip=\muskip14
\g_tmpa_muskip=\muskip15
\g_tmpb_muskip=\muskip16
L3 Module: l3keys 2015/11/17 v6284 L3 Key-value interfaces
\g__keyval_level_int=\count111
\l_keys_choice_int=\count112
L3 Module: l3fp 2016/03/26 v6465 L3 Floating points
\c__fp_leading_shift_int=\count113
\c__fp_middle_shift_int=\count114
\c__fp_trailing_shift_int=\count115
\c__fp_big_leading_shift_int=\count116
\c__fp_big_middle_shift_int=\count117
\c__fp_big_trailing_shift_int=\count118
\c__fp_Bigg_leading_shift_int=\count119
\c__fp_Bigg_middle_shift_int=\count120
\c__fp_Bigg_trailing_shift_int=\count121
L3 Module: l3box 2015/08/09 v5822 L3 Experimental boxes
\c_empty_box=\box28
\l_tmpa_box=\box29
\l_tmpb_box=\box30
\g_tmpa_box=\box31
\g_tmpb_box=\box32
L3 Module: l3coffins 2016/05/17 v6508 L3 Coffin code layer
\l__coffin_internal_box=\box33
\l__coffin_internal_dim=\dimen119
\l__coffin_offset_x_dim=\dimen120
\l__coffin_offset_y_dim=\dimen121
\l__coffin_x_dim=\dimen122
\l__coffin_y_dim=\dimen123
\l__coffin_x_prime_dim=\dimen124
\l__coffin_y_prime_dim=\dimen125
\c_empty_coffin=\box34
\l__coffin_aligned_coffin=\box35
\l__coffin_aligned_internal_coffin=\box36
\l_tmpa_coffin=\box37
\l_tmpb_coffin=\box38
\l__coffin_display_coffin=\box39
\l__coffin_display_coord_coffin=\box40
\l__coffin_display_pole_coffin=\box41
\l__coffin_display_offset_dim=\dimen126
\l__coffin_display_x_dim=\dimen127
\l__coffin_display_y_dim=\dimen128
L3 Module: l3color 2014/08/23 v5354 L3 Experimental color support
L3 Module: l3sys 2015/09/25 v6087 L3 Experimental system/runtime functions
L3 Module: l3candidates 2016/05/13 v6484 L3 Experimental additions to l3kernel
\l__box_top_dim=\dimen129
\l__box_bottom_dim=\dimen130
\l__box_left_dim=\dimen131
\l__box_right_dim=\dimen132
\l__box_top_new_dim=\dimen133
\l__box_bottom_new_dim=\dimen134
\l__box_left_new_dim=\dimen135
\l__box_right_new_dim=\dimen136
\l__box_internal_box=\box42
\l__coffin_bounding_shift_dim=\dimen137
\l__coffin_left_corner_dim=\dimen138
\l__coffin_right_corner_dim=\dimen139
\l__coffin_bottom_corner_dim=\dimen140
\l__coffin_top_corner_dim=\dimen141
\l__coffin_scaled_total_height_dim=\dimen142
\l__coffin_scaled_width_dim=\dimen143
L3 Module: l3luatex 2016/03/26 v6465 L3 Experimental LuaTeX-specific functions
)
(c:/texlive/2016/texmf-dist/tex/latex/l3kernel/l3xdvipdfmx.def
File: l3xdvidpfmx.def 2016/03/26 v6465 L3 Experimental driver: xdvipdfmx
\l__driver_tmp_box=\box43
))
(c:/texlive/2016/texmf-dist/tex/latex/l3packages/xparse/xparse.sty
Package: xparse 2016/05/18 v6512 L3 Experimental document command parser
\l__xparse_current_arg_int=\count122
\l__xparse_m_args_int=\count123
\l__xparse_mandatory_args_int=\count124
\l__xparse_processor_int=\count125
\l__xparse_v_nesting_int=\count126
)
Package: siunitx 2016/03/01 v2.6q A comprehensive (SI) units package

(c:/texlive/2016/texmf-dist/tex/latex/tools/array.sty
Package: array 2014/10/28 v2.4c Tabular extension package (FMi)
\col@sep=\dimen144
\extrarowheight=\dimen145
\NC@list=\toks21
\extratabsurround=\skip52
\backup@length=\skip53
)
(c:/texlive/2016/texmf-dist/tex/latex/l3packages/l3keys2e/l3keys2e.sty
Package: l3keys2e 2016/05/18 v6512 LaTeX2e option processing using LaTeX3 keys
)
\l__siunitx_tmp_box=\box44
\l__siunitx_tmp_dim=\dimen146
\l__siunitx_tmp_int=\count127
\l__siunitx_number_mantissa_length_int=\count128
\l__siunitx_number_uncert_length_int=\count129
\l__siunitx_round_int=\count130
\l__siunitx_process_decimal_int=\count131
\l__siunitx_process_uncertainty_int=\count132
\l__siunitx_process_fixed_int=\count133
\l__siunitx_process_integer_min_int=\count134
\l__siunitx_process_precision_int=\count135
\l__siunitx_group_min_int=\count136
\l__siunitx_angle_marker_box=\box45
\l__siunitx_angle_unit_box=\box46
\l__siunitx_angle_marker_dim=\dimen147
\l__siunitx_angle_unit_dim=\dimen148
\l__siunitx_unit_int=\count137
\l__siunitx_unit_denominator_int=\count138
\l__siunitx_unit_numerator_int=\count139
\l__siunitx_unit_prefix_int=\count140
\l__siunitx_unit_prefix_base_int=\count141
\l__siunitx_unit_prefix_gram_int=\count142
\l__siunitx_number_product_int=\count143
\c__siunitx_one_fill_skip=\skip54
\l__siunitx_table_unit_align_skip=\skip55
\l__siunitx_table_exponent_dim=\dimen149
\l__siunitx_table_integer_dim=\dimen150
\l__siunitx_table_mantissa_dim=\dimen151
\l__siunitx_table_marker_dim=\dimen152
\l__siunitx_table_result_dim=\dimen153
\l__siunitx_table_uncert_dim=\dimen154
\l__siunitx_table_fill_pre_dim=\dimen155
\l__siunitx_table_fill_post_dim=\dimen156
\l__siunitx_table_fill_mid_dim=\dimen157
\l__siunitx_table_pre_box=\box47
\l__siunitx_table_post_box=\box48
\l__siunitx_table_mantissa_box=\box49
\l__siunitx_table_result_box=\box50
\l__siunitx_table_number_align_skip=\skip56
\l__siunitx_table_text_align_skip=\skip57
.................................................
. LaTeX info: "xparse/define-command"
. 
. Defining command \DeclareBinaryPrefix with sig. 'mmm' on line 7218.
.................................................
.................................................
. LaTeX info: "xparse/define-command"
. 
. Defining command \DeclareSIPostPower with sig. 'mm' on line 7221.
.................................................
.................................................
. LaTeX info: "xparse/define-command"
. 
. Defining command \DeclareSIPrefix with sig. 'mmm' on line 7224.
.................................................
.................................................
. LaTeX info: "xparse/define-command"
. 
. Defining command \DeclareSIPrePower with sig. 'mm' on line 7227.
.................................................
.................................................
. LaTeX info: "xparse/define-command"
. 
. Defining command \DeclareSIQualifier with sig. 'mm' on line 7230.
.................................................
.................................................
. LaTeX info: "xparse/define-command"
. 
. Defining command \DeclareSIUnit with sig. 'O{}mm' on line 7233.
.................................................
.................................................
. LaTeX info: "xparse/define-command"
. 
. Defining command \DeclareSIUnitWithOptions with sig. 'mmm' on line 7236.
.................................................
.................................................
. LaTeX info: "xparse/define-command"
. 
. Defining command \ang with sig. 'o>{\SplitArgument {2}{;}}m' on line 7251.
.................................................
.................................................
. LaTeX info: "xparse/define-command"
. 
. Defining command \num with sig. 'om' on line 7260.
.................................................
.................................................
. LaTeX info: "xparse/define-command"
. 
. Defining command \numlist with sig. 'o>{\SplitList {;}}m' on line 7269.
.................................................
.................................................
. LaTeX info: "xparse/define-command"
. 
. Defining command \numrange with sig. 'omm' on line 7278.
.................................................
.................................................
. LaTeX info: "xparse/define-command"
. 
. Defining command \SIlist with sig. 'o>{\SplitList {;}}mm' on line 7290.
.................................................
.................................................
. LaTeX info: "xparse/define-command"
. 
. Defining command \SIrange with sig. 'ommm' on line 7302.
.................................................
.................................................
. LaTeX info: "xparse/define-command"
. 
. Defining command \SI with sig. 'omom' on line 7314.
.................................................
.................................................
. LaTeX info: "xparse/define-command"
. 
. Defining command \sisetup with sig. 'm' on line 7317.
.................................................
.................................................
. LaTeX info: "xparse/define-command"
. 
. Defining command \tablenum with sig. 'om' on line 7332.
.................................................
.................................................
. LaTeX info: "xparse/define-command"
. 
. Defining command \si with sig. 'om' on line 7344.
.................................................
.................................................
. LaTeX info: "xparse/define-command"
. 
. Defining command \__siunitx_bookmark_num:w with sig. 'om' on line 7391.
.................................................
.................................................
. LaTeX info: "xparse/define-command"
. 
. Defining command \__siunitx_bookmark_numrange:w with sig. 'omm' on line
. 7393.
.................................................
.................................................
. LaTeX info: "xparse/define-command"
. 
. Defining command \__siunitx_bookmark_SI:w with sig. 'omom' on line 7395.
.................................................
.................................................
. LaTeX info: "xparse/define-command"
. 
. Defining command \__siunitx_bookmark_SIlist:w with sig. 'omm' on line 7397.
.................................................
.................................................
. LaTeX info: "xparse/define-command"
. 
. Defining command \__siunitx_bookmark_SIrange:w with sig. 'ommm' on line
. 7399.
.................................................
.................................................
. LaTeX info: "xparse/define-command"
. 
. Defining command \__siunitx_bookmark_si:w with sig. 'om' on line 7400.
.................................................
\g__file_internal_ior=\read1

(c:/texlive/2016/texmf-dist/tex/latex/beamer/translator/translator.sty
Package: translator 2010/06/12 ver 1.10

(c:/texlive/2016/texmf-dist/tex/latex/graphics/keyval.sty
Package: keyval 2014/10/28 v1.15 key=value parser (DPC)
\KV@toks@=\toks22
)
(c:/texlive/2016/texmf-dist/tex/latex/beamer/translator/translator-language-map
pings.tex))) (c:/texlive/2016/texmf-dist/tex/latex/tools/indentfirst.sty
Package: indentfirst 1995/11/23 v1.03 Indent first paragraph (DPC)
)
(c:/texlive/2016/texmf-dist/tex/latex/graphics/graphicx.sty
Package: graphicx 2014/10/28 v1.0g Enhanced LaTeX Graphics (DPC,SPQR)

(c:/texlive/2016/texmf-dist/tex/latex/graphics/graphics.sty
Package: graphics 2016/07/10 v1.0t Standard LaTeX Graphics (DPC,SPQR)

(c:/texlive/2016/texmf-dist/tex/latex/graphics/trig.sty
Package: trig 2016/01/03 v1.10 sin cos tan (DPC)
)
(c:/texlive/2016/texmf-dist/tex/latex/graphics-cfg/graphics.cfg
File: graphics.cfg 2016/06/04 v1.11 sample graphics configuration
)
Package graphics Info: Driver file: xetex.def on input line 99.

(c:/texlive/2016/texmf-dist/tex/latex/graphics-def/xetex.def
File: xetex.def 2016/07/11 v4.10 LaTeX color/graphics driver for XeTeX (L3/RRM/
JK)
))
\Gin@req@height=\dimen158
\Gin@req@width=\dimen159
)
(c:/texlive/2016/texmf-dist/tex/latex/float/float.sty
Package: float 2001/11/08 v1.3d Float enhancements (AL)
\c@float@type=\count144
\float@exts=\toks23
\float@box=\box51
\@float@everytoks=\toks24
\@floatcapt=\box52
)
(c:/texlive/2016/texmf-dist/tex/latex/graphics/color.sty
Package: color 2016/07/10 v1.1e Standard LaTeX Color (DPC)

(c:/texlive/2016/texmf-dist/tex/latex/graphics-cfg/color.cfg
File: color.cfg 2016/01/02 v1.6 sample color configuration
)
Package color Info: Driver file: xetex.def on input line 147.
)
(c:/texlive/2016/texmf-dist/tex/latex/subfig/subfig.sty
Package: subfig 2005/06/28 ver: 1.3 subfig package

(c:/texlive/2016/texmf-dist/tex/latex/caption/caption.sty
Package: caption 2016/02/21 v3.3-144 Customizing captions (AR)

(c:/texlive/2016/texmf-dist/tex/latex/caption/caption3.sty
Package: caption3 2016/05/22 v1.7-166 caption3 kernel (AR)
Package caption3 Info: TeX engine: e-TeX on input line 67.
\captionmargin=\dimen160
\captionmargin@=\dimen161
\captionwidth=\dimen162
\caption@tempdima=\dimen163
\caption@indent=\dimen164
\caption@parindent=\dimen165
\caption@hangindent=\dimen166
)
\c@ContinuedFloat=\count145
Package caption Info: float package is loaded.
)
\c@KVtest=\count146
\sf@farskip=\skip58
\sf@captopadj=\dimen167
\sf@capskip=\skip59
\sf@nearskip=\skip60
\c@subfigure=\count147
\c@subfigure@save=\count148
\c@lofdepth=\count149
\c@subtable=\count150
\c@subtable@save=\count151
\c@lotdepth=\count152
\sf@top=\skip61
\sf@bottom=\skip62
)
(c:/texlive/2016/texmf-dist/tex/latex/tools/multicol.sty
Package: multicol 2016/04/07 v1.8p multicolumn formatting (FMi)
\c@tracingmulticols=\count153
\mult@box=\box53
\multicol@leftmargin=\dimen168
\c@unbalance=\count154
\c@collectmore=\count155
\doublecol@number=\count156
\multicoltolerance=\count157
\multicolpretolerance=\count158
\full@width=\dimen169
\page@free=\dimen170
\premulticols=\dimen171
\postmulticols=\dimen172
\multicolsep=\skip63
\multicolbaselineskip=\skip64
\partial@page=\box54
\last@line=\box55
\maxbalancingoverflow=\dimen173
\mult@rightbox=\box56
\mult@grightbox=\box57
\mult@gfirstbox=\box58
\mult@firstbox=\box59
\@tempa=\box60
\@tempa=\box61
\@tempa=\box62
\@tempa=\box63
\@tempa=\box64
\@tempa=\box65
\@tempa=\box66
\@tempa=\box67
\@tempa=\box68
\@tempa=\box69
\@tempa=\box70
\@tempa=\box71
\@tempa=\box72
\@tempa=\box73
\@tempa=\box74
\@tempa=\box75
\@tempa=\box76
\c@columnbadness=\count159
\c@finalcolumnbadness=\count160
\last@try=\dimen174
\multicolovershoot=\dimen175
\multicolundershoot=\dimen176
\mult@nat@firstbox=\box77
\colbreak@box=\box78
\mc@col@check@num=\count161
)
(c:/texlive/2016/texmf-dist/tex/latex/booktabs/booktabs.sty
Package: booktabs 2016/04/27 v1.618033 publication quality tables
\heavyrulewidth=\dimen177
\lightrulewidth=\dimen178
\cmidrulewidth=\dimen179
\belowrulesep=\dimen180
\belowbottomsep=\dimen181
\aboverulesep=\dimen182
\abovetopsep=\dimen183
\cmidrulesep=\dimen184
\cmidrulekern=\dimen185
\defaultaddspace=\dimen186
\@cmidla=\count162
\@cmidlb=\count163
\@aboverulesep=\dimen187
\@belowrulesep=\dimen188
\@thisruleclass=\count164
\@lastruleclass=\count165
\@thisrulewidth=\dimen189
)
(c:/texlive/2016/texmf-dist/tex/latex/tools/longtable.sty
Package: longtable 2014/10/28 v4.11 Multi-page Table package (DPC)
\LTleft=\skip65
\LTright=\skip66
\LTpre=\skip67
\LTpost=\skip68
\LTchunksize=\count166
\LTcapwidth=\dimen190
\LT@head=\box79
\LT@firsthead=\box80
\LT@foot=\box81
\LT@lastfoot=\box82
\LT@cols=\count167
\LT@rows=\count168
\c@LT@tables=\count169
\c@LT@chunks=\count170
\LT@p@ftn=\toks25
)
(c:/texlive/2016/texmf-dist/tex/latex/graphics/lscape.sty
Package: lscape 2000/10/22 v3.01 Landscape Pages (DPC)
)
(c:/texlive/2016/texmf-dist/tex/latex/oberdiek/pdflscape.sty
Package: pdflscape 2016/05/14 v0.11 Display of landscape pages in PDF (HO)

(c:/texlive/2016/texmf-dist/tex/generic/oberdiek/ifpdf.sty
Package: ifpdf 2016/05/14 v3.1 Provides the ifpdf switch
)
(c:/texlive/2016/texmf-dist/tex/generic/ifxetex/ifxetex.sty
Package: ifxetex 2010/09/12 v0.6 Provides ifxetex conditional
)
Package pdflscape Info: Auto-detected driver: dvipdfm (xetex) on input line 99.


(c:/texlive/2016/texmf-dist/tex/generic/oberdiek/atbegshi.sty
Package: atbegshi 2016/06/09 v1.18 At begin shipout hook (HO)

(c:/texlive/2016/texmf-dist/tex/generic/oberdiek/infwarerr.sty
Package: infwarerr 2016/05/16 v1.4 Providing info/warning/error messages (HO)
)
(c:/texlive/2016/texmf-dist/tex/generic/oberdiek/ltxcmds.sty
Package: ltxcmds 2016/05/16 v1.23 LaTeX kernel commands for general use (HO)
)))
(c:/texlive/2016/texmf-dist/tex/latex/graphics/rotating.sty
Package: rotating 2016/05/22 v2.16c rotated objects in LaTeX

(c:/texlive/2016/texmf-dist/tex/latex/base/ifthen.sty
Package: ifthen 2014/09/29 v1.1c Standard LaTeX ifthen package (DPC)
)
\c@r@tfl@t=\count171
\rotFPtop=\skip69
\rotFPbot=\skip70
\rot@float@box=\box83
\rot@mess@toks=\toks26
)
(c:/texlive/2016/texmf-dist/tex/latex/tabulary/tabulary.sty
Package: tabulary 2014/06/11 v0.10 tabulary package (DPC)
\TY@count=\count172
\TY@linewidth=\dimen191
\tymin=\dimen192
\tymax=\dimen193
\TY@tablewidth=\dimen194
)
(c:/texlive/2016/texmf-dist/tex/latex/algorithm2e/algorithm2e.sty
Invalid UTF-8 byte or sequence at line 275 replaced by U+FFFD.
Invalid UTF-8 byte or sequence at line 290 replaced by U+FFFD.
Invalid UTF-8 byte or sequence at line 540 replaced by U+FFFD.
Package: algorithm2e 2013/01/06 v5.00 algorithms environments
\c@AlgoLine=\count173
Invalid UTF-8 byte or sequence at line 1311 replaced by U+FFFD.
Invalid UTF-8 byte or sequence at line 1313 replaced by U+FFFD.
Invalid UTF-8 byte or sequence at line 1315 replaced by U+FFFD.
\algocf@hangindent=\skip71

(c:/texlive/2016/texmf-dist/tex/latex/tools/xspace.sty
Package: xspace 2014/10/28 v1.13 Space after command names (DPC,MH)
)
(c:/texlive/2016/texmf-dist/tex/latex/relsize/relsize.sty
Package: relsize 2013/03/29 ver 4.1
)
********************************************************
Package `algorithm2e' Release 5.1 -- october 19 2015 --
- algorithm2e-announce@lirmm.fr mailing list for announcement about releases
- algorithm2e-discussion@lirmm.fr mailing list for discussion about package
subscribe by emailing sympa@lirmm.fr with 'subscribe <list> <firstname name>'
- Author: Christophe Fiorio (christophe.fiorio@umontpellier.fr)
********************************************************
\skiptotal=\skip72
\skiplinenumber=\skip73
\skiprule=\skip74
\skiphlne=\skip75
\skiptext=\skip76
\skiplength=\skip77
\algomargin=\skip78
\skipalgocfslide=\skip79
\algowidth=\dimen195
\inoutsize=\dimen196
\inoutindent=\dimen197
\interspacetitleruled=\dimen198
\interspacealgoruled=\dimen199
\interspacetitleboxruled=\dimen256
\algocf@ruledwidth=\skip80
\algocf@inoutbox=\box84
\algocf@inputbox=\box85
\AlCapSkip=\skip81
\AlCapHSkip=\skip82
\algoskipindent=\skip83
\algocf@nlbox=\box86
\algocf@hangingbox=\box87
\algocf@untilbox=\box88
\algocf@skipuntil=\skip84
\algocf@capbox=\box89
\algoheightruledefault=\skip85
\algoheightrule=\skip86
\algotitleheightruledefault=\skip87
\algotitleheightrule=\skip88
\c@algocfline=\count174
\c@algocfproc=\count175
\c@algocf=\count176
\algocf@algoframe=\box90
\algocf@algobox=\box91
) (c:/texlive/2016/texmf-dist/tex/latex/nomencl/nomencl.sty
Package: nomencl 2005/09/22 v4.2 Nomenclature package (LN)
\nomlabelwidth=\dimen257
\nom@tempdim=\dimen258
\nomitemsep=\skip89
)
\@nomenclaturefile=\write3
\openout3 = `documento.nlo'.


Writing nomenclature file documento.nlo
(c:/texlive/2016/texmf-dist/tex/latex/mdwtools/footnote.sty
Package: footnote 1997/01/28 1.13 Save footnotes around boxes
\fn@notes=\box92
\fn@width=\dimen259
)
(c:/texlive/2016/texmf-dist/tex/latex/hyperref/hyperref.sty
Package: hyperref 2016/06/24 v6.83q Hypertext links for LaTeX

(c:/texlive/2016/texmf-dist/tex/generic/oberdiek/hobsub-hyperref.sty
Package: hobsub-hyperref 2016/05/16 v1.14 Bundle oberdiek, subset hyperref (HO)


(c:/texlive/2016/texmf-dist/tex/generic/oberdiek/hobsub-generic.sty
Package: hobsub-generic 2016/05/16 v1.14 Bundle oberdiek, subset generic (HO)
Package: hobsub 2016/05/16 v1.14 Construct package bundles (HO)
Package hobsub Info: Skipping package `infwarerr' (already loaded).
Package hobsub Info: Skipping package `ltxcmds' (already loaded).
Package: ifluatex 2016/05/16 v1.4 Provides the ifluatex switch (HO)
Package ifluatex Info: LuaTeX not detected.
Package: ifvtex 2016/05/16 v1.6 Detect VTeX and its facilities (HO)
Package ifvtex Info: VTeX not detected.
Package: intcalc 2016/05/16 v1.2 Expandable calculations with integers (HO)
Package hobsub Info: Skipping package `ifpdf' (already loaded).
Package: etexcmds 2016/05/16 v1.6 Avoid name clashes with e-TeX commands (HO)
Package etexcmds Info: Could not find \expanded.
(etexcmds)             That can mean that you are not using pdfTeX 1.50 or
(etexcmds)             that some package has redefined \expanded.
(etexcmds)             In the latter case, load this package earlier.
Package: kvsetkeys 2016/05/16 v1.17 Key value parser (HO)
Package: kvdefinekeys 2016/05/16 v1.4 Define keys (HO)
Package: pdftexcmds 2016/05/21 v0.22 Utility functions of pdfTeX for LuaTeX (HO
)
Package pdftexcmds Info: LuaTeX not detected.
Package pdftexcmds Info: pdfTeX >= 1.30 not detected.
Package pdftexcmds Info: \pdf@primitive is available.
Package pdftexcmds Info: \pdf@ifprimitive is available.
Package pdftexcmds Info: \pdfdraftmode not found.
Package: pdfescape 2016/05/16 v1.14 Implements pdfTeX's escape features (HO)
Package: bigintcalc 2016/05/16 v1.4 Expandable calculations on big integers (HO
)
Package: bitset 2016/05/16 v1.2 Handle bit-vector datatype (HO)
Package: uniquecounter 2016/05/16 v1.3 Provide unlimited unique counter (HO)
)
Package hobsub Info: Skipping package `hobsub' (already loaded).
Package: letltxmacro 2016/05/16 v1.5 Let assignment for LaTeX macros (HO)
Package: hopatch 2016/05/16 v1.3 Wrapper for package hooks (HO)
Package: xcolor-patch 2016/05/16 xcolor patch
Package: atveryend 2016/05/16 v1.9 Hooks at the very end of document (HO)
Package atveryend Info: \enddocument detected (standard20110627).
Package hobsub Info: Skipping package `atbegshi' (already loaded).
Package: refcount 2016/05/16 v3.5 Data extraction from label references (HO)
Package: hycolor 2016/05/16 v1.8 Color options for hyperref/bookmark (HO)
)
(c:/texlive/2016/texmf-dist/tex/latex/oberdiek/auxhook.sty
Package: auxhook 2016/05/16 v1.4 Hooks for auxiliary files (HO)
)
(c:/texlive/2016/texmf-dist/tex/latex/oberdiek/kvoptions.sty
Package: kvoptions 2016/05/16 v3.12 Key value format for package options (HO)
)
\@linkdim=\dimen260
\Hy@linkcounter=\count177
\Hy@pagecounter=\count178

(c:/texlive/2016/texmf-dist/tex/latex/hyperref/pd1enc.def
File: pd1enc.def 2016/06/24 v6.83q Hyperref: PDFDocEncoding definition (HO)
)
\Hy@SavedSpaceFactor=\count179

(c:/texlive/2016/texmf-dist/tex/latex/latexconfig/hyperref.cfg
File: hyperref.cfg 2002/06/06 v1.2 hyperref configuration of TeXLive
)
Package hyperref Info: Hyper figures OFF on input line 4486.
Package hyperref Info: Link nesting OFF on input line 4491.
Package hyperref Info: Hyper index ON on input line 4494.
Package hyperref Info: Plain pages OFF on input line 4501.
Package hyperref Info: Backreferencing OFF on input line 4506.
Package hyperref Info: Implicit mode ON; LaTeX internals redefined.
Package hyperref Info: Bookmarks ON on input line 4735.
\c@Hy@tempcnt=\count180

(c:/texlive/2016/texmf-dist/tex/latex/url/url.sty
\Urlmuskip=\muskip17
Package: url 2013/09/16  ver 3.4  Verb mode for urls, etc.
)
LaTeX Info: Redefining \url on input line 5088.
\XeTeXLinkMargin=\dimen261
\Fld@menulength=\count181
\Field@Width=\dimen262
\Fld@charsize=\dimen263
Package hyperref Info: Hyper figures OFF on input line 6342.
Package hyperref Info: Link nesting OFF on input line 6347.
Package hyperref Info: Hyper index ON on input line 6350.
Package hyperref Info: backreferencing OFF on input line 6357.
Package hyperref Info: Link coloring OFF on input line 6362.
Package hyperref Info: Link coloring with OCG OFF on input line 6367.
Package hyperref Info: PDF/A mode OFF on input line 6372.
LaTeX Info: Redefining \ref on input line 6412.
LaTeX Info: Redefining \pageref on input line 6416.
\Hy@abspage=\count182
\c@Item=\count183
\c@Hfootnote=\count184
)

Package hyperref Message: Driver (autodetected): hxetex.

(c:/texlive/2016/texmf-dist/tex/latex/hyperref/hxetex.def
File: hxetex.def 2016/06/24 v6.83q Hyperref driver for XeTeX

(c:/texlive/2016/texmf-dist/tex/latex/hyperref/puenc.def
File: puenc.def 2016/06/24 v6.83q Hyperref: PDF Unicode definition (HO)
)
(c:/texlive/2016/texmf-dist/tex/generic/oberdiek/stringenc.sty
Package: stringenc 2016/05/16 v1.11 Convert strings between diff. encodings (HO
)
)
\pdfm@box=\box93
\c@Hy@AnnotLevel=\count185
\HyField@AnnotCount=\count186
\Fld@listcount=\count187
\c@bookmark@seq@number=\count188

(c:/texlive/2016/texmf-dist/tex/latex/oberdiek/rerunfilecheck.sty
Package: rerunfilecheck 2016/05/16 v1.8 Rerun checks for auxiliary files (HO)
Package rerunfilecheck Info: Feature \pdfmdfivesum is not available
(rerunfilecheck)             (e.g. pdfTeX or LuaTeX with package `pdftexcmds').

(rerunfilecheck)             Therefore file contents cannot be checked efficien
tly
(rerunfilecheck)             and the loading of the package is aborted.
)
\Hy@SectionHShift=\skip90
)
Package hyperref Info: Option `colorlinks' set `true' on input line 72.

(c:/texlive/2016/texmf-dist/tex/latex/lastpage/lastpage.sty
Package: lastpage 2015/03/29 v1.2m Refers to last page's name (HMM; JPG)
)
(c:/texlive/2016/texmf-dist/tex/latex/natbib/natbib.sty
Package: natbib 2010/09/13 8.31b (PWD, AO)
\bibhang=\skip91
\bibsep=\skip92
LaTeX Info: Redefining \cite on input line 694.
\c@NAT@ctr=\count189
)
(c:/texlive/2016/texmf-dist/tex/latex/tocbibind/tocbibind.sty
Package: tocbibind 2010/10/13 v1.5k extra ToC listings
Package tocbibind Info: The document has section divisions on input line 50.


Package tocbibind Note: Using section or other style headings.

) (c:/texlive/2016/texmf-dist/tex/latex/was/icomma.sty
Package: icomma 2002/03/10 v2.0 (WaS)
)
(c:/texlive/2016/texmf-dist/tex/latex/units/units.sty
Package: units 1998/08/04 v0.9b Typesetting units

(c:/texlive/2016/texmf-dist/tex/latex/units/nicefrac.sty
Package: nicefrac 1998/08/04 v0.9b Nice fractions
\L@UnitsRaiseDisplaystyle=\skip93
\L@UnitsRaiseTextstyle=\skip94
\L@UnitsRaiseScriptstyle=\skip95
))
(c:/texlive/2016/texmf-dist/tex/latex/setspace/setspace.sty
Package: setspace 2011/12/19 v6.7a set line spacing
)
(c:/texlive/2016/texmf-dist/tex/latex/anysize/anysize.sty
Package: anysize 1994/08/13 setting margin sizes

document style option `anysize' loaded
Michael Salzenberg, Thomas Esser, Dirk Hillbrecht
Version 1.0, Aug 13, 1994
\@Leftmargin=\dimen264
\@Rightmargin=\dimen265
\@Topmargin=\dimen266
\@Bottommargin=\dimen267
) (c:/texlive/2016/texmf-dist/tex/latex/enumitem/enumitem.sty
Package: enumitem 2011/09/28 v3.5.2 Customized lists
\labelindent=\skip96
\enit@outerparindent=\dimen268
\enit@toks=\toks27
\enit@inbox=\box94
\enitdp@description=\count190
)
(c:/texlive/2016/texmf-dist/tex/latex/listings/listings.sty
\lst@mode=\count191
\lst@gtempboxa=\box95
\lst@token=\toks28
\lst@length=\count192
\lst@currlwidth=\dimen269
\lst@column=\count193
\lst@pos=\count194
\lst@lostspace=\dimen270
\lst@width=\dimen271
\lst@newlines=\count195
\lst@lineno=\count196
\lst@maxwidth=\dimen272

(c:/texlive/2016/texmf-dist/tex/latex/listings/lstmisc.sty
File: lstmisc.sty 2015/06/04 1.6 (Carsten Heinz)
\c@lstnumber=\count197
\lst@skipnumbers=\count198
\lst@framebox=\box96
)
(c:/texlive/2016/texmf-dist/tex/latex/listings/listings.cfg
File: listings.cfg 2015/06/04 1.6 listings configuration
))
Package: listings 2015/06/04 1.6 (Carsten Heinz)

(c:/texlive/2016/texmf-dist/tex/latex/listings/lstlang1.sty
File: lstlang1.sty 2015/06/04 1.6 listings language file
)
(c:/texlive/2016/texmf-dist/tex/latex/fancyhdr/fancyhdr.sty
\fancy@headwidth=\skip97
\f@ncyO@elh=\skip98
\f@ncyO@erh=\skip99
\f@ncyO@olh=\skip100
\f@ncyO@orh=\skip101
\f@ncyO@elf=\skip102
\f@ncyO@erf=\skip103
\f@ncyO@olf=\skip104
\f@ncyO@orf=\skip105
))

LaTeX Warning: Unused global option(s):
    [letter].

(./documento.aux (./docs/capa.aux) (./docs/requisitos.aux) (./docs/plano.aux)
(./docs/casosdeuso.aux) (./docs/codigos.aux) (./docs/diagramas.aux))
\openout1 = `documento.aux'.

LaTeX Font Info:    Checking defaults for OML/cmm/m/it on input line 7.
LaTeX Font Info:    ... okay on input line 7.
LaTeX Font Info:    Checking defaults for T1/cmr/m/n on input line 7.
LaTeX Font Info:    ... okay on input line 7.
LaTeX Font Info:    Checking defaults for OT1/cmr/m/n on input line 7.
LaTeX Font Info:    ... okay on input line 7.
LaTeX Font Info:    Checking defaults for OMS/cmsy/m/n on input line 7.
LaTeX Font Info:    ... okay on input line 7.
LaTeX Font Info:    Checking defaults for OMX/cmex/m/n on input line 7.
LaTeX Font Info:    ... okay on input line 7.
LaTeX Font Info:    Checking defaults for U/cmr/m/n on input line 7.
LaTeX Font Info:    ... okay on input line 7.
LaTeX Font Info:    Checking defaults for TS1/cmr/m/n on input line 7.
LaTeX Font Info:    Try loading font information for TS1+cmr on input line 7.

(c:/texlive/2016/texmf-dist/tex/latex/base/ts1cmr.fd
File: ts1cmr.fd 2014/09/29 v2.5h Standard LaTeX font definitions
)
LaTeX Font Info:    ... okay on input line 7.
LaTeX Font Info:    Checking defaults for PD1/pdf/m/n on input line 7.
LaTeX Font Info:    ... okay on input line 7.
LaTeX Font Info:    Checking defaults for PU/pdf/m/n on input line 7.
LaTeX Font Info:    ... okay on input line 7.

(c:/texlive/2016/texmf-dist/tex/latex/beamer/translator/dicts/translator-basic-
dictionary/translator-basic-dictionary-English.dict
Dictionary: translator-basic-dictionary, Language: English 
)
(c:/texlive/2016/texmf-dist/tex/latex/siunitx/siunitx-abbreviations.cfg
File: siunitx-abbreviations.cfg 2016/03/01 v2.6q siunitx: Abbreviated units
)
Package caption Info: Begin \AtBeginDocument code.
Package caption Info: subfig package v1.3 is loaded.
Package caption Info: hyperref package is loaded.
Package caption Info: listings package is loaded.
Package caption Info: longtable package is loaded.

(c:/texlive/2016/texmf-dist/tex/latex/caption/ltcaption.sty
Package: ltcaption 2013/06/09 v1.4-94 longtable captions (AR)
)
Package caption Info: rotating package is loaded.
Package caption Info: End \AtBeginDocument code.
\AtBeginShipoutBox=\box97
Package hyperref Info: Link coloring ON on input line 7.

(c:/texlive/2016/texmf-dist/tex/latex/hyperref/nameref.sty
Package: nameref 2016/05/21 v2.44 Cross-referencing by name of section

(c:/texlive/2016/texmf-dist/tex/generic/oberdiek/gettitlestring.sty
Package: gettitlestring 2016/05/16 v1.5 Cleanup title references (HO)
)
\c@section@level=\count199
)
LaTeX Info: Redefining \ref on input line 7.
LaTeX Info: Redefining \pageref on input line 7.
LaTeX Info: Redefining \nameref on input line 7.

(./documento.out) (./documento.out)
\@outlinefile=\write4
\openout4 = `documento.out'.

Package lastpage Info: Please have a look at the pageslts package at
(lastpage)             https://www.ctan.org/pkg/pageslts
(lastpage)             ! on input line 7.
\c@lstlisting=\count266
\c__siunitx_mathsf_int=\count267
LaTeX Font Info:    Try loading font information for U+msa on input line 7.

(c:/texlive/2016/texmf-dist/tex/latex/amsfonts/umsa.fd
File: umsa.fd 2013/01/14 v3.01 AMS symbols A
)
LaTeX Font Info:    Try loading font information for U+msb on input line 7.

(c:/texlive/2016/texmf-dist/tex/latex/amsfonts/umsb.fd
File: umsb.fd 2013/01/14 v3.01 AMS symbols B
)
\c__siunitx_mathtt_int=\count268
\openout2 = `docs/capa.aux'.

 (./docs/capa.tex
File: ./images/ufs.png Graphic file (type QTm)

<use  "./images/ufs.png" >
Package babel Info: Redefining portuges shorthand "|
(babel)             in language  on input line 41.

(c:/texlive/2016/texmf-dist/tex/generic/oberdiek/se-ascii-print.def
File: se-ascii-print.def 2016/05/16 v1.11 stringenc: Printable ASCII characters

)
Package babel Info: Redefining portuges shorthand "|
(babel)             in language  on input line 41.
 [1




]
Package babel Info: Redefining portuges shorthand "|
(babel)             in language  on input line 92.
Package babel Info: Redefining portuges shorthand "|
(babel)             in language  on input line 92.

[2] (./documento.toc
Package babel Info: Redefining portuges shorthand "|
(babel)             in language  on input line 44.
Package babel Info: Redefining portuges shorthand "|
(babel)             in language  on input line 44.
 [3

])
\tf@toc=\write5
\openout5 = `documento.toc'.

)
Package babel Info: Redefining portuges shorthand "|
(babel)             in language  on input line 8.
Package babel Info: Redefining portuges shorthand "|
(babel)             in language  on input line 8.
 [4]
\openout2 = `docs/requisitos.aux'.

 (./docs/requisitos.tex
Package babel Info: Redefining portuges shorthand "|
(babel)             in language  on input line 1.
Package babel Info: Redefining portuges shorthand "|
(babel)             in language  on input line 3.
Package babel Info: Redefining portuges shorthand "|
(babel)             in language  on input line 10.
Package babel Info: Redefining portuges shorthand "|
(babel)             in language  on input line 21.
Package babel Info: Redefining portuges shorthand "|
(babel)             in language  on input line 22.
Package babel Info: Redefining portuges shorthand "|
(babel)             in language  on input line 31.
Package babel Info: Redefining portuges shorthand "|
(babel)             in language  on input line 40.
Package babel Info: Redefining portuges shorthand "|
(babel)             in language  on input line 46.
Package babel Info: Redefining portuges shorthand "|
(babel)             in language  on input line 46.
 [5


]
Package babel Info: Redefining portuges shorthand "|
(babel)             in language  on input line 48.
Package babel Info: Redefining portuges shorthand "|
(babel)             in language  on input line 57.
Package babel Info: Redefining portuges shorthand "|
(babel)             in language  on input line 59.
Package babel Info: Redefining portuges shorthand "|
(babel)             in language  on input line 66.
Package babel Info: Redefining portuges shorthand "|
(babel)             in language  on input line 70.
Package babel Info: Redefining portuges shorthand "|
(babel)             in language  on input line 77.
Package babel Info: Redefining portuges shorthand "|
(babel)             in language  on input line 86.
Package babel Info: Redefining portuges shorthand "|
(babel)             in language  on input line 89.
Package babel Info: Redefining portuges shorthand "|
(babel)             in language  on input line 89.
 [6]
Package babel Info: Redefining portuges shorthand "|
(babel)             in language  on input line 93.
Package babel Info: Redefining portuges shorthand "|
(babel)             in language  on input line 95.
Package babel Info: Redefining portuges shorthand "|
(babel)             in language  on input line 102.
Package babel Info: Redefining portuges shorthand "|
(babel)             in language  on input line 147.
Package babel Info: Redefining portuges shorthand "|
(babel)             in language  on input line 147.
 [7]
Package babel Info: Redefining portuges shorthand "|
(babel)             in language  on input line 191.
Package babel Info: Redefining portuges shorthand "|
(babel)             in language  on input line 191.
 [8]
Package babel Info: Redefining portuges shorthand "|
(babel)             in language  on input line 235.
Package babel Info: Redefining portuges shorthand "|
(babel)             in language  on input line 235.
 [9]
Package babel Info: Redefining portuges shorthand "|
(babel)             in language  on input line 243.
)
Package babel Info: Redefining portuges shorthand "|
(babel)             in language  on input line 9.
Package babel Info: Redefining portuges shorthand "|
(babel)             in language  on input line 9.

[10]
\openout2 = `docs/plano.aux'.

 (./docs/plano.tex
Package babel Info: Redefining portuges shorthand "|
(babel)             in language  on input line 1.
Package babel Info: Redefining portuges shorthand "|
(babel)             in language  on input line 5.
)
Package babel Info: Redefining portuges shorthand "|
(babel)             in language  on input line 10.
Package babel Info: Redefining portuges shorthand "|
(babel)             in language  on input line 10.
 [11


]
\openout2 = `docs/casosdeuso.aux'.

 (./docs/casosdeuso.tex
Package babel Info: Redefining portuges shorthand "|
(babel)             in language  on input line 1.
Missing character: There is no “ in font ecrm1200!
Missing character: There is no ” in font ecrm1200!
Missing character: There is no “ in font ecrm1200!
Missing character: There is no ” in font ecrm1200!
Package babel Info: Redefining portuges shorthand "|
(babel)             in language  on input line 143.
Package babel Info: Redefining portuges shorthand "|
(babel)             in language  on input line 143.
 [12


]
Missing character: There is no “ in font ecrm1200!
Missing character: There is no ” in font ecrm1200!
Missing character: There is no “ in font ecrm1200!
Missing character: There is no ” in font ecrm1200!
Missing character: There is no “ in font ecrm1200!
Missing character: There is no ” in font ecrm1200!
Missing character: There is no “ in font ecrm1200!
Missing character: There is no ” in font ecrm1200!
Missing character: There is no “ in font ecrm1200!
Missing character: There is no ” in font ecrm1200!
Missing character: There is no “ in font ecrm1200!
Missing character: There is no ” in font ecrm1200!
Missing character: There is no “ in font ecrm1200!
Missing character: There is no ” in font ecrm1200!
Missing character: There is no “ in font ecrm1200!
Missing character: There is no ” in font ecrm1200!
Missing character: There is no “ in font ecrm1200!
Missing character: There is no “ in font ecrm1200!
Missing character: There is no ” in font ecrm1200!
Missing character: There is no “ in font ecrm1200!
Missing character: There is no ” in font ecrm1200!
Missing character: There is no “ in font ecrm1200!
Missing character: There is no ” in font ecrm1200!

Underfull \hbox (badness 2142) in paragraph at lines 341--342
[]|\T1/cmr/m/n/12 14 - Se-le-ci-ona op-ção im-pri-mir co-
 []

Package babel Info: Redefining portuges shorthand "|
(babel)             in language  on input line 350.
Package babel Info: Redefining portuges shorthand "|
(babel)             in language  on input line 350.
[13])
Package babel Info: Redefining portuges shorthand "|
(babel)             in language  on input line 11.
Package babel Info: Redefining portuges shorthand "|
(babel)             in language  on input line 11.
 [14]
\openout2 = `docs/codigos.aux'.

 (./docs/codigos.tex
Package babel Info: Redefining portuges shorthand "|
(babel)             in language  on input line 1.
Package babel Info: Redefining portuges shorthand "|
(babel)             in language  on input line 5.
Package babel Info: Redefining portuges shorthand "|
(babel)             in language  on input line 7.
Package hyperref Info: bookmark level for unknown lstlisting defaults to 0 on i
nput line 8.
LaTeX Font Info:    Try loading font information for T1+cmtt on input line 8.

(c:/texlive/2016/texmf-dist/tex/latex/base/t1cmtt.fd
File: t1cmtt.fd 2014/09/29 v2.5h Standard LaTeX font definitions
)
(../OpenCarShop/src/opencarshop/cliente/model/Cliente.java)
Package babel Info: Redefining portuges shorthand "|
(babel)             in language  on input line 9.
Package babel Info: Redefining portuges shorthand "|
(babel)             in language  on input line 9.
 [15


]
(../OpenCarShop/src/opencarshop/cliente/model/ClienteDAO.java
Package babel Info: Redefining portuges shorthand "|
(babel)             in language  on input line 93.
Package babel Info: Redefining portuges shorthand "|
(babel)             in language  on input line 93.
 [16])
Package babel Info: Redefining portuges shorthand "|
(babel)             in language  on input line 11.

(c:/texlive/2016/texmf-dist/tex/latex/listings/lstlang1.sty
File: lstlang1.sty 2015/06/04 1.6 listings language file
)
(c:/texlive/2016/texmf-dist/tex/latex/listings/lstmisc.sty
File: lstmisc.sty 2015/06/04 1.6 (Carsten Heinz)
)
(../OpenCarShop/src/opencarshop/cliente/view/Cadastrar.fxml
Package babel Info: Redefining portuges shorthand "|
(babel)             in language  on input line 21.
Package babel Info: Redefining portuges shorthand "|
(babel)             in language  on input line 21.
 [17])
(../OpenCarShop/src/opencarshop/cliente/view/Buscar.fxml
Package babel Info: Redefining portuges shorthand "|
(babel)             in language  on input line 18.
Package babel Info: Redefining portuges shorthand "|
(babel)             in language  on input line 18.
 [18])
Package babel Info: Redefining portuges shorthand "|
(babel)             in language  on input line 15.

(../OpenCarShop/src/opencarshop/cliente/controller/ClienteController.java
Package babel Info: Redefining portuges shorthand "|
(babel)             in language  on input line 63.
Package babel Info: Redefining portuges shorthand "|
(babel)             in language  on input line 63.

[19]
Package babel Info: Redefining portuges shorthand "|
(babel)             in language  on input line 156.
Package babel Info: Redefining portuges shorthand "|
(babel)             in language  on input line 156.
 [20])
Package babel Info: Redefining portuges shorthand "|
(babel)             in language  on input line 20.
Package babel Info: Redefining portuges shorthand "|
(babel)             in language  on input line 22.
 (../OpenCarShop/src/opencarshop/fornecedor/model/Fornecedor.java
Package babel Info: Redefining portuges shorthand "|
(babel)             in language  on input line 61.
Package babel Info: Redefining portuges shorthand "|
(babel)             in language  on input line 61.

[21]) (../OpenCarShop/src/opencarshop/fornecedor/model/FornecedorDAO.java
Package babel Info: Redefining portuges shorthand "|
(babel)             in language  on input line 79.
Package babel Info: Redefining portuges shorthand "|
(babel)             in language  on input line 79.

[22]
Package babel Info: Redefining portuges shorthand "|
(babel)             in language  on input line 172.
Package babel Info: Redefining portuges shorthand "|
(babel)             in language  on input line 172.
 [23])
Package babel Info: Redefining portuges shorthand "|
(babel)             in language  on input line 26.
 (../OpenCarShop/src/opencarshop/fornecedor/view/Cadastrar.fxml
Package babel Info: Redefining portuges shorthand "|
(babel)             in language  on input line 60.
Package babel Info: Redefining portuges shorthand "|
(babel)             in language  on input line 60.

[24]) (../OpenCarShop/src/opencarshop/fornecedor/view/Buscar.fxml)
Package babel Info: Redefining portuges shorthand "|
(babel)             in language  on input line 30.

(../OpenCarShop/src/opencarshop/fornecedor/controller/FornecedorController.java
Package babel Info: Redefining portuges shorthand "|
(babel)             in language  on input line 35.
Package babel Info: Redefining portuges shorthand "|
(babel)             in language  on input line 35.
[25]
Package babel Info: Redefining portuges shorthand "|
(babel)             in language  on input line 128.
Package babel Info: Redefining portuges shorthand "|
(babel)             in language  on input line 128.
 [26])
Package babel Info: Redefining portuges shorthand "|
(babel)             in language  on input line 36.
Package babel Info: Redefining portuges shorthand "|
(babel)             in language  on input line 38.
 (../OpenCarShop/src/opencarshop/funcionario/model/Contrato.java
Package babel Info: Redefining portuges shorthand "|
(babel)             in language  on input line 33.
Package babel Info: Redefining portuges shorthand "|
(babel)             in language  on input line 33.

[27]) (../OpenCarShop/src/opencarshop/funcionario/model/Funcionario.java
Package babel Info: Redefining portuges shorthand "|
(babel)             in language  on input line 76.
Package babel Info: Redefining portuges shorthand "|
(babel)             in language  on input line 76.

[28]) (../OpenCarShop/src/opencarshop/funcionario/model/FuncionarioDAO.java
Package babel Info: Redefining portuges shorthand "|
(babel)             in language  on input line 82.
Package babel Info: Redefining portuges shorthand "|
(babel)             in language  on input line 82.

[29])
Package babel Info: Redefining portuges shorthand "|
(babel)             in language  on input line 43.
Package babel Info: Redefining portuges shorthand "|
(babel)             in language  on input line 44.
Package babel Info: Redefining portuges shorthand "|
(babel)             in language  on input line 44.
 [30] (../OpenCarShop/src/opencarshop/fornecedor/view/Cadastrar.fxml)
(../OpenCarShop/src/opencarshop/funcionario/view/Buscar.fxml
Package babel Info: Redefining portuges shorthand "|
(babel)             in language  on input line 10.
Package babel Info: Redefining portuges shorthand "|
(babel)             in language  on input line 10.
 [31])
Package babel Info: Redefining portuges shorthand "|
(babel)             in language  on input line 47.

(../OpenCarShop/src/opencarshop/funcionario/controller/FuncionarioController.ja
va
Package babel Info: Redefining portuges shorthand "|
(babel)             in language  on input line 52.
Package babel Info: Redefining portuges shorthand "|
(babel)             in language  on input line 52.
 [32]
Package babel Info: Redefining portuges shorthand "|
(babel)             in language  on input line 143.
Package babel Info: Redefining portuges shorthand "|
(babel)             in language  on input line 143.
 [33]
Package babel Info: Redefining portuges shorthand "|
(babel)             in language  on input line 237.
Package babel Info: Redefining portuges shorthand "|
(babel)             in language  on input line 237.
 [34])
Package babel Info: Redefining portuges shorthand "|
(babel)             in language  on input line 52.
Package babel Info: Redefining portuges shorthand "|
(babel)             in language  on input line 54.
 (../OpenCarShop/src/opencarshop/peca/model/ItemPeca.java
Package babel Info: Redefining portuges shorthand "|
(babel)             in language  on input line 36.
Package babel Info: Redefining portuges shorthand "|
(babel)             in language  on input line 36.

[35]) (../OpenCarShop/src/opencarshop/peca/model/ItemPecaDAO.java
Package babel Info: Redefining portuges shorthand "|
(babel)             in language  on input line 37.
Package babel Info: Redefining portuges shorthand "|
(babel)             in language  on input line 37.
 [36]
Package babel Info: Redefining portuges shorthand "|
(babel)             in language  on input line 131.
Package babel Info: Redefining portuges shorthand "|
(babel)             in language  on input line 131.
 [37])
(../OpenCarShop/src/opencarshop/peca/model/Peca.java
Package babel Info: Redefining portuges shorthand "|
(babel)             in language  on input line 49.
Package babel Info: Redefining portuges shorthand "|
(babel)             in language  on input line 49.
 [38])
(../OpenCarShop/src/opencarshop/peca/model/PecaDAO.java
Package babel Info: Redefining portuges shorthand "|
(babel)             in language  on input line 61.
Package babel Info: Redefining portuges shorthand "|
(babel)             in language  on input line 61.
 [39])
Package babel Info: Redefining portuges shorthand "|
(babel)             in language  on input line 58.
Package babel Info: Redefining portuges shorthand "|
(babel)             in language  on input line 58.
 [40]
(../OpenCarShop/src/opencarshop/peca/model/VendaPeca.java
Package babel Info: Redefining portuges shorthand "|
(babel)             in language  on input line 90.
Package babel Info: Redefining portuges shorthand "|
(babel)             in language  on input line 90.
 [41])
(../OpenCarShop/src/opencarshop/peca/model/VendaPecaDAO.java
Package babel Info: Redefining portuges shorthand "|
(babel)             in language  on input line 70.
Package babel Info: Redefining portuges shorthand "|
(babel)             in language  on input line 70.
 [42]
Package babel Info: Redefining portuges shorthand "|
(babel)             in language  on input line 163.
Package babel Info: Redefining portuges shorthand "|
(babel)             in language  on input line 163.
 [43])
Package babel Info: Redefining portuges shorthand "|
(babel)             in language  on input line 62.

(../OpenCarShop/src/opencarshop/peca/view/CadastroPeca.fxml)
Package babel Info: Redefining portuges shorthand "|
(babel)             in language  on input line 63.
Package babel Info: Redefining portuges shorthand "|
(babel)             in language  on input line 63.
 [44]
(../OpenCarShop/src/opencarshop/peca/view/CadastroPecaDialog.fxml)
(../OpenCarShop/src/opencarshop/peca/view/GraficosVendasPorMes.fxml)
(../OpenCarShop/src/opencarshop/peca/view/VendaPecas.fxml
Package babel Info: Redefining portuges shorthand "|
(babel)             in language  on input line 14.
Package babel Info: Redefining portuges shorthand "|
(babel)             in language  on input line 14.
 [45])
(../OpenCarShop/src/opencarshop/peca/view/VendaPecasDialog.fxml
Package babel Info: Redefining portuges shorthand "|
(babel)             in language  on input line 24.
Package babel Info: Redefining portuges shorthand "|
(babel)             in language  on input line 24.
 [46])
Package babel Info: Redefining portuges shorthand "|
(babel)             in language  on input line 70.

(../OpenCarShop/src/opencarshop/peca/controller/CadastroPeca.java
Package babel Info: Redefining portuges shorthand "|
(babel)             in language  on input line 46.
Package babel Info: Redefining portuges shorthand "|
(babel)             in language  on input line 46.
 [47]
Package babel Info: Redefining portuges shorthand "|
(babel)             in language  on input line 139.
Package babel Info: Redefining portuges shorthand "|
(babel)             in language  on input line 139.
 [48])
(../OpenCarShop/src/opencarshop/peca/controller/CadastroPecaDialog.java
Package babel Info: Redefining portuges shorthand "|
(babel)             in language  on input line 62.
Package babel Info: Redefining portuges shorthand "|
(babel)             in language  on input line 62.

[49])
(../OpenCarShop/src/opencarshop/peca/controller/GraficosVendasPorMesController.
java
Package babel Info: Redefining portuges shorthand "|
(babel)             in language  on input line 64.
Package babel Info: Redefining portuges shorthand "|
(babel)             in language  on input line 64.
 [50])
(../OpenCarShop/src/opencarshop/peca/controller/VendaPecasController.java
Package babel Info: Redefining portuges shorthand "|
(babel)             in language  on input line 65.
Package babel Info: Redefining portuges shorthand "|
(babel)             in language  on input line 65.

[51]
Package babel Info: Redefining portuges shorthand "|
(babel)             in language  on input line 159.
Package babel Info: Redefining portuges shorthand "|
(babel)             in language  on input line 159.
 [52])
(../OpenCarShop/src/opencarshop/peca/controller/VendaPecasDialogController.java
Package babel Info: Redefining portuges shorthand "|
(babel)             in language  on input line 45.
Package babel Info: Redefining portuges shorthand "|
(babel)             in language  on input line 45.
[53]
Package babel Info: Redefining portuges shorthand "|
(babel)             in language  on input line 139.
Package babel Info: Redefining portuges shorthand "|
(babel)             in language  on input line 139.
 [54])
Package babel Info: Redefining portuges shorthand "|
(babel)             in language  on input line 79.
Package babel Info: Redefining portuges shorthand "|
(babel)             in language  on input line 81.
 (../OpenCarShop/src/opencarshop/servico/model/Servico.java
Package babel Info: Redefining portuges shorthand "|
(babel)             in language  on input line 42.
Package babel Info: Redefining portuges shorthand "|
(babel)             in language  on input line 42.
 [55])
(../OpenCarShop/src/opencarshop/servico/model/ServicoDAO.java
Package babel Info: Redefining portuges shorthand "|
(babel)             in language  on input line 54.
Package babel Info: Redefining portuges shorthand "|
(babel)             in language  on input line 54.
 [56])
Package babel Info: Redefining portuges shorthand "|
(babel)             in language  on input line 85.

(../OpenCarShop/src/opencarshop/servico/view/Cadastrar.fxml
Package babel Info: Redefining portuges shorthand "|
(babel)             in language  on input line 41.
Package babel Info: Redefining portuges shorthand "|
(babel)             in language  on input line 41.
 [57])
(../OpenCarShop/src/opencarshop/servico/view/Buscar.fxml)
Package babel Info: Redefining portuges shorthand "|
(babel)             in language  on input line 89.

(../OpenCarShop/src/opencarshop/servico/controller/ServicoController.java
Package babel Info: Redefining portuges shorthand "|
(babel)             in language  on input line 40.
Package babel Info: Redefining portuges shorthand "|
(babel)             in language  on input line 40.

[58]
Package babel Info: Redefining portuges shorthand "|
(babel)             in language  on input line 133.
Package babel Info: Redefining portuges shorthand "|
(babel)             in language  on input line 133.
 [59])
Package babel Info: Redefining portuges shorthand "|
(babel)             in language  on input line 94.
Package babel Info: Redefining portuges shorthand "|
(babel)             in language  on input line 96.
 (../OpenCarShop/src/opencarshop/veiculo/model/Veiculo.java
Package babel Info: Redefining portuges shorthand "|
(babel)             in language  on input line 68.
Package babel Info: Redefining portuges shorthand "|
(babel)             in language  on input line 68.
 [60])
(../OpenCarShop/src/opencarshop/veiculo/model/VeiculoDAO.java
Package babel Info: Redefining portuges shorthand "|
(babel)             in language  on input line 56.
Package babel Info: Redefining portuges shorthand "|
(babel)             in language  on input line 56.
 [61])
Package babel Info: Redefining portuges shorthand "|
(babel)             in language  on input line 100.

(../OpenCarShop/src/opencarshop/veiculo/view/Cadastrar.fxml
Package babel Info: Redefining portuges shorthand "|
(babel)             in language  on input line 13.
Package babel Info: Redefining portuges shorthand "|
(babel)             in language  on input line 13.
 [62])
(../OpenCarShop/src/opencarshop/veiculo/view/Buscar.fxml)
Package babel Info: Redefining portuges shorthand "|
(babel)             in language  on input line 104.

(../OpenCarShop/src/opencarshop/veiculo/controller/VeiculoController.java
Package babel Info: Redefining portuges shorthand "|
(babel)             in language  on input line 9.
Package babel Info: Redefining portuges shorthand "|
(babel)             in language  on input line 9.

[63]
Package babel Info: Redefining portuges shorthand "|
(babel)             in language  on input line 102.
Package babel Info: Redefining portuges shorthand "|
(babel)             in language  on input line 102.
 [64])
Package babel Info: Redefining portuges shorthand "|
(babel)             in language  on input line 109.
 (../OpenCarShop/src/opencarshop/util/ConexaoMySQL.java
Package babel Info: Redefining portuges shorthand "|
(babel)             in language  on input line 21.
Package babel Info: Redefining portuges shorthand "|
(babel)             in language  on input line 21.
 [65])
(../OpenCarShop/src/opencarshop/util/Utilidades.java)
Package babel Info: Redefining portuges shorthand "|
(babel)             in language  on input line 115.

(../OpenCarShop/src/opencarshop/Endereco.java
Package babel Info: Redefining portuges shorthand "|
(babel)             in language  on input line 30.
Package babel Info: Redefining portuges shorthand "|
(babel)             in language  on input line 30.
 [66])
(../OpenCarShop/src/opencarshop/OpenCarShop.java)
Package babel Info: Redefining portuges shorthand "|
(babel)             in language  on input line 117.
Package babel Info: Redefining portuges shorthand "|
(babel)             in language  on input line 117.
 [67]
(../OpenCarShop/src/opencarshop/TelaPrincipalController.java
Package babel Info: Redefining portuges shorthand "|
(babel)             in language  on input line 90.
Package babel Info: Redefining portuges shorthand "|
(babel)             in language  on input line 90.
 [68]
Package babel Info: Redefining portuges shorthand "|
(babel)             in language  on input line 184.
Package babel Info: Redefining portuges shorthand "|
(babel)             in language  on input line 184.
 [69])
(../OpenCarShop/src/opencarshop/TelaPrincipal.fxml
Package babel Info: Redefining portuges shorthand "|
(babel)             in language  on input line 30.
Package babel Info: Redefining portuges shorthand "|
(babel)             in language  on input line 30.
 [70])
Package babel Info: Redefining portuges shorthand "|
(babel)             in language  on input line 121.

(c:/texlive/2016/texmf-dist/tex/latex/listings/lstlang1.sty
File: lstlang1.sty 2015/06/04 1.6 listings language file
)
(../OpenCarShop/src/OpenCarShop.sql
Package babel Info: Redefining portuges shorthand "|
(babel)             in language  on input line 26.
Package babel Info: Redefining portuges shorthand "|
(babel)             in language  on input line 26.
 [71]
Package babel Info: Redefining portuges shorthand "|
(babel)             in language  on input line 119.
Package babel Info: Redefining portuges shorthand "|
(babel)             in language  on input line 119.
 [72]
Package babel Info: Redefining portuges shorthand "|
(babel)             in language  on input line 213.
Package babel Info: Redefining portuges shorthand "|
(babel)             in language  on input line 213.
 [73]
Package babel Info: Redefining portuges shorthand "|
(babel)             in language  on input line 307.
Package babel Info: Redefining portuges shorthand "|
(babel)             in language  on input line 307.
 [74]
Package babel Info: Redefining portuges shorthand "|
(babel)             in language  on input line 401.
Package babel Info: Redefining portuges shorthand "|
(babel)             in language  on input line 401.
 [75]))
Package babel Info: Redefining portuges shorthand "|
(babel)             in language  on input line 13.
Package babel Info: Redefining portuges shorthand "|
(babel)             in language  on input line 13.
 [76]
\openout2 = `docs/diagramas.aux'.


(./docs/diagramas.tex
Package babel Info: Redefining portuges shorthand "|
(babel)             in language  on input line 2.
Package babel Info: Redefining portuges shorthand "|
(babel)             in language  on input line 4.
File: ./images/casodeuso.jpg Graphic file (type QTm)
 <use  "./images/casodeuso.jpg" >
Package babel Info: Redefining portuges shorthand "|
(babel)             in language  on input line 10.
Package babel Info: Redefining portuges shorthand "|
(babel)             in language  on input line 10.
 [77



]
Package babel Info: Redefining portuges shorthand "|
(babel)             in language  on input line 12.
File: ./images/classeanalise.png Graphic file (type QTm)

<use  "./images/classeanalise.png" >
Package babel Info: Redefining portuges shorthand "|
(babel)             in language  on input line 18.
Package babel Info: Redefining portuges shorthand "|
(babel)             in language  on input line 18.
 [78

]
Package babel Info: Redefining portuges shorthand "|
(babel)             in language  on input line 20.
File: ./images/classeprojeto.png Graphic file (type QTm)
 <use  "./images/classeprojeto.png" >
Package babel Info: Redefining portuges shorthand "|
(babel)             in language  on input line 26.
Package babel Info: Redefining portuges shorthand "|
(babel)             in language  on input line 26.

[79

]
Package babel Info: Redefining portuges shorthand "|
(babel)             in language  on input line 28.
Package babel Info: Redefining portuges shorthand "|
(babel)             in language  on input line 29.
File: ./images/aCDU01.png Graphic file (type QTm)
 <use  "./images/aCDU01.png" >
Package babel Info: Redefining portuges shorthand "|
(babel)             in language  on input line 35.
Package babel Info: Redefining portuges shorthand "|
(babel)             in language  on input line 35.
 [80

]
Package babel Info: Redefining portuges shorthand "|
(babel)             in language  on input line 37.
File: ./images/aCDU02.png Graphic file (type QTm)
 <use  "./images/aCDU02.png" >
Package babel Info: Redefining portuges shorthand "|
(babel)             in language  on input line 43.
Package babel Info: Redefining portuges shorthand "|
(babel)             in language  on input line 43.
 [81

]
Package babel Info: Redefining portuges shorthand "|
(babel)             in language  on input line 45.
File: ./images/aCDU03.png Graphic file (type QTm)

<use  "./images/aCDU03.png" >
Package babel Info: Redefining portuges shorthand "|
(babel)             in language  on input line 51.
Package babel Info: Redefining portuges shorthand "|
(babel)             in language  on input line 51.
 [82

]
Package babel Info: Redefining portuges shorthand "|
(babel)             in language  on input line 53.
File: ./images/aCDU04.png Graphic file (type QTm)
 <use  "./images/aCDU04.png" >
Package babel Info: Redefining portuges shorthand "|
(babel)             in language  on input line 59.
Package babel Info: Redefining portuges shorthand "|
(babel)             in language  on input line 59.
 [83

]
Package babel Info: Redefining portuges shorthand "|
(babel)             in language  on input line 61.
File: ./images/aCDU05.png Graphic file (type QTm)

<use  "./images/aCDU05.png" >
Package babel Info: Redefining portuges shorthand "|
(babel)             in language  on input line 67.
Package babel Info: Redefining portuges shorthand "|
(babel)             in language  on input line 67.
 [84

]
Package babel Info: Redefining portuges shorthand "|
(babel)             in language  on input line 69.
Package babel Info: Redefining portuges shorthand "|
(babel)             in language  on input line 70.
File: ./images/sCDU01.png Graphic file (type QTm)
 <use  "./images/sCDU01.png" >
Package babel Info: Redefining portuges shorthand "|
(babel)             in language  on input line 76.
Package babel Info: Redefining portuges shorthand "|
(babel)             in language  on input line 76.
 [85

]
Package babel Info: Redefining portuges shorthand "|
(babel)             in language  on input line 78.
File: ./images/sCDU02.png Graphic file (type QTm)

<use  "./images/sCDU02.png" >
Package babel Info: Redefining portuges shorthand "|
(babel)             in language  on input line 84.
Package babel Info: Redefining portuges shorthand "|
(babel)             in language  on input line 84.
 [86

]
Package babel Info: Redefining portuges shorthand "|
(babel)             in language  on input line 86.
File: ./images/sCDU03.png Graphic file (type QTm)
 <use  "./images/sCDU03.png" >
Package babel Info: Redefining portuges shorthand "|
(babel)             in language  on input line 92.
Package babel Info: Redefining portuges shorthand "|
(babel)             in language  on input line 92.
 [87

]
Package babel Info: Redefining portuges shorthand "|
(babel)             in language  on input line 94.
File: ./images/sCDU04.jpg Graphic file (type QTm)

<use  "./images/sCDU04.jpg" >
Package babel Info: Redefining portuges shorthand "|
(babel)             in language  on input line 100.
Package babel Info: Redefining portuges shorthand "|
(babel)             in language  on input line 100.
 [88

]
Package babel Info: Redefining portuges shorthand "|
(babel)             in language  on input line 102.
File: ./images/sCDU05.png Graphic file (type QTm)
 <use  "./images/sCDU05.png" >
Package babel Info: Redefining portuges shorthand "|
(babel)             in language  on input line 108.
Package babel Info: Redefining portuges shorthand "|
(babel)             in language  on input line 108.
 [89

]
Package babel Info: Redefining portuges shorthand "|
(babel)             in language  on input line 113.
File: ./images/entidaderelacionamento.png Graphic file (type QTm)

<use  "./images/entidaderelacionamento.png" >
Package babel Info: Redefining portuges shorthand "|
(babel)             in language  on input line 119.
Package babel Info: Redefining portuges shorthand "|
(babel)             in language  on input line 119.
 [90

])

Package caption Warning: Unused \captionsetup[subfigure] on input line 29.
See the caption package documentation for explanation.


AED: lastpage setting LastPage
Package babel Info: Redefining portuges shorthand "|
(babel)             in language  on input line 15.
Package atveryend Info: Empty hook `BeforeClearDocument' on input line 15.
Package atveryend Info: Empty hook `AfterLastShipout' on input line 15.
(./documento.aux (./docs/capa.aux) (./docs/requisitos.aux) (./docs/plano.aux)
(./docs/casosdeuso.aux) (./docs/codigos.aux) (./docs/diagramas.aux))
Package atveryend Info: Empty hook `AtVeryEndDocument' on input line 15.
Package atveryend Info: Empty hook `AtEndAfterFileList' on input line 15.
Package atveryend Info: Empty hook `AtVeryVeryEnd' on input line 15.
 )
(\end occurred inside a group at level 1)

### simple group (level 1) entered at line 1061 ({)
### bottom level 
Here is how much of TeX's memory you used:
 25620 strings out of 493589
 453800 string characters out of 6146760
 1327584 words of memory out of 5000000
 28528 multiletter control sequences out of 15000+600000
 16414 words of font info for 49 fonts, out of 8000000 for 9000
 1347 hyphenation exceptions out of 8191
 48i,12n,54p,10401b,13050s stack positions out of 5000i,500n,10000p,200000b,80000s

Output written on documento.pdf (90 pages).
